<?xml version="1.0" encoding="UTF-8"?>
<!-- Generated by org.testng.reporters.JUnitReportReporter -->
<testsuite hostname="DESKTOP-NQO6M38" failures="0" tests="4" name="api.test.UserTest2" time="7.710" errors="0" timestamp="2024-08-05T00:19:00 IST" skipped="0">
  <testcase classname="api.test.UserTest2" name="createUser" time="1.586"/>
  <system-out/>
  <testcase classname="api.test.UserTest2" name="getUser" time="1.632"/>
  <system-out/>
  <testcase classname="api.test.UserTest2" name="updateUser" time="2.961"/>
  <system-out/>
  <testcase classname="api.test.UserTest2" name="deleteUser" time="1.531"/>
  <system-out/>
</testsuite> <!-- api.test.UserTest2 -->
