<?xml version="1.0" encoding="UTF-8"?>
<!-- Generated by org.testng.reporters.JUnitReportReporter -->
<testsuite hostname="DESKTOP-NQO6M38" failures="0" tests="10" name="api.test.DDTests" time="15.121" errors="0" timestamp="2024-08-05T00:19:00 IST" skipped="0">
  <testcase classname="api.test.DDTests" name="createUsers" time="1.533"/>
  <system-out/>
  <testcase classname="api.test.DDTests" name="createUsers" time="1.529"/>
  <system-out/>
  <testcase classname="api.test.DDTests" name="createUsers" time="1.531"/>
  <system-out/>
  <testcase classname="api.test.DDTests" name="createUsers" time="1.531"/>
  <system-out/>
  <testcase classname="api.test.DDTests" name="createUsers" time="1.462"/>
  <system-out/>
  <testcase classname="api.test.DDTests" name="deleteUsers" time="1.528"/>
  <system-out/>
  <testcase classname="api.test.DDTests" name="deleteUsers" time="1.539"/>
  <system-out/>
  <testcase classname="api.test.DDTests" name="deleteUsers" time="1.427"/>
  <system-out/>
  <testcase classname="api.test.DDTests" name="deleteUsers" time="1.532"/>
  <system-out/>
  <testcase classname="api.test.DDTests" name="deleteUsers" time="1.509"/>
  <system-out/>
</testsuite> <!-- api.test.DDTests -->
