<?xml version="1.0" encoding="UTF-8"?>
<!-- Generated by org.testng.reporters.JUnitReportReporter -->
<testsuite hostname="DESKTOP-NQO6M38" failures="0" tests="4" name="api.test.UserTest" time="8.510" errors="0" timestamp="2024-08-05T00:44:46 IST" skipped="0">
  <testcase classname="api.test.UserTest" name="createUser" time="3.781"/>
  <system-out/>
  <testcase classname="api.test.UserTest" name="getUser" time="1.259"/>
  <system-out/>
  <testcase classname="api.test.UserTest" name="updateUser" time="2.345"/>
  <system-out/>
  <testcase classname="api.test.UserTest" name="deleteUser" time="1.125"/>
  <system-out/>
</testsuite> <!-- api.test.UserTest -->
