<?xml version="1.0" encoding="UTF-8"?>
<!-- Generated by org.testng.reporters.JUnitReportReporter -->
<testsuite hostname="DESKTOP-NQO6M38" failures="0" tests="10" name="api.test.DDTests" time="11.321" errors="0" timestamp="2024-08-05T00:44:46 IST" skipped="0">
  <testcase classname="api.test.DDTests" name="createUsers" time="1.170"/>
  <system-out/>
  <testcase classname="api.test.DDTests" name="createUsers" time="1.081"/>
  <system-out/>
  <testcase classname="api.test.DDTests" name="createUsers" time="1.177"/>
  <system-out/>
  <testcase classname="api.test.DDTests" name="createUsers" time="1.126"/>
  <system-out/>
  <testcase classname="api.test.DDTests" name="createUsers" time="1.109"/>
  <system-out/>
  <testcase classname="api.test.DDTests" name="deleteUsers" time="1.150"/>
  <system-out/>
  <testcase classname="api.test.DDTests" name="deleteUsers" time="1.109"/>
  <system-out/>
  <testcase classname="api.test.DDTests" name="deleteUsers" time="1.130"/>
  <system-out/>
  <testcase classname="api.test.DDTests" name="deleteUsers" time="1.122"/>
  <system-out/>
  <testcase classname="api.test.DDTests" name="deleteUsers" time="1.147"/>
  <system-out/>
</testsuite> <!-- api.test.DDTests -->
