<?xml version="1.0" encoding="UTF-8"?>
<!-- Generated by org.testng.reporters.JUnitReportReporter -->
<testsuite hostname="DESKTOP-NQO6M38" failures="0" tests="4" name="api.test.UserTest2" time="5.673" errors="0" timestamp="2024-08-05T00:44:46 IST" skipped="0">
  <testcase classname="api.test.UserTest2" name="createUser" time="1.138"/>
  <system-out/>
  <testcase classname="api.test.UserTest2" name="getUser" time="1.146"/>
  <system-out/>
  <testcase classname="api.test.UserTest2" name="updateUser" time="2.301"/>
  <system-out/>
  <testcase classname="api.test.UserTest2" name="deleteUser" time="1.088"/>
  <system-out/>
</testsuite> <!-- api.test.UserTest2 -->
