<?xml version="1.0" encoding="UTF-8"?>
<!-- Generated by org.testng.reporters.JUnitReportReporter -->
<testsuite hostname="DESKTOP-NQO6M38" failures="0" tests="4" name="api.test.UserTest" time="8.305" errors="0" timestamp="2024-08-05T01:06:49 IST" skipped="0">
  <testcase classname="api.test.UserTest" name="createUser" time="3.612"/>
  <system-out/>
  <testcase classname="api.test.UserTest" name="getUser" time="1.296"/>
  <system-out/>
  <testcase classname="api.test.UserTest" name="updateUser" time="2.296"/>
  <system-out/>
  <testcase classname="api.test.UserTest" name="deleteUser" time="1.101"/>
  <system-out/>
</testsuite> <!-- api.test.UserTest -->
