<?xml version="1.0" encoding="UTF-8"?>
<!-- Generated by org.testng.reporters.JUnitReportReporter -->
<testsuite hostname="DESKTOP-NQO6M38" failures="0" tests="10" name="api.test.DDTests" time="11.413" errors="0" timestamp="2024-08-05T01:00:26 IST" skipped="0">
  <testcase classname="api.test.DDTests" name="createUsers" time="1.133"/>
  <system-out/>
  <testcase classname="api.test.DDTests" name="createUsers" time="1.156"/>
  <system-out/>
  <testcase classname="api.test.DDTests" name="createUsers" time="1.134"/>
  <system-out/>
  <testcase classname="api.test.DDTests" name="createUsers" time="1.107"/>
  <system-out/>
  <testcase classname="api.test.DDTests" name="createUsers" time="1.196"/>
  <system-out/>
  <testcase classname="api.test.DDTests" name="deleteUsers" time="1.112"/>
  <system-out/>
  <testcase classname="api.test.DDTests" name="deleteUsers" time="1.121"/>
  <system-out/>
  <testcase classname="api.test.DDTests" name="deleteUsers" time="1.151"/>
  <system-out/>
  <testcase classname="api.test.DDTests" name="deleteUsers" time="1.185"/>
  <system-out/>
  <testcase classname="api.test.DDTests" name="deleteUsers" time="1.118"/>
  <system-out/>
</testsuite> <!-- api.test.DDTests -->
