<?xml version="1.0" encoding="UTF-8"?>
<!-- Generated by org.testng.reporters.JUnitReportReporter -->
<testsuite hostname="DESKTOP-NQO6M38" failures="0" tests="10" name="api.test.DDTests" time="11.252" errors="0" timestamp="2024-08-05T01:06:49 IST" skipped="0">
  <testcase classname="api.test.DDTests" name="createUsers" time="1.146"/>
  <system-out/>
  <testcase classname="api.test.DDTests" name="createUsers" time="1.111"/>
  <system-out/>
  <testcase classname="api.test.DDTests" name="createUsers" time="1.159"/>
  <system-out/>
  <testcase classname="api.test.DDTests" name="createUsers" time="1.145"/>
  <system-out/>
  <testcase classname="api.test.DDTests" name="createUsers" time="1.166"/>
  <system-out/>
  <testcase classname="api.test.DDTests" name="deleteUsers" time="1.063"/>
  <system-out/>
  <testcase classname="api.test.DDTests" name="deleteUsers" time="1.080"/>
  <system-out/>
  <testcase classname="api.test.DDTests" name="deleteUsers" time="1.145"/>
  <system-out/>
  <testcase classname="api.test.DDTests" name="deleteUsers" time="1.102"/>
  <system-out/>
  <testcase classname="api.test.DDTests" name="deleteUsers" time="1.135"/>
  <system-out/>
</testsuite> <!-- api.test.DDTests -->
