<?xml version="1.0" encoding="UTF-8"?>
<!-- Generated by org.testng.reporters.JUnitReportReporter -->
<testsuite hostname="DESKTOP-NQO6M38" failures="0" tests="4" name="api.test.UserTest2" time="5.981" errors="0" timestamp="2024-08-05T01:06:49 IST" skipped="0">
  <testcase classname="api.test.UserTest2" name="createUser" time="1.147"/>
  <system-out/>
  <testcase classname="api.test.UserTest2" name="getUser" time="1.326"/>
  <system-out/>
  <testcase classname="api.test.UserTest2" name="updateUser" time="2.357"/>
  <system-out/>
  <testcase classname="api.test.UserTest2" name="deleteUser" time="1.151"/>
  <system-out/>
</testsuite> <!-- api.test.UserTest2 -->
